08:21:47 16349683712
08:21:52 16733638656
08:21:57 17084571648
08:22:02 21863415808
08:22:07 22190501888
08:22:12 22259503104
08:22:17 22249578496
08:22:22 22254080000
08:22:27 22261608448
08:22:32 22268190720
08:22:38 22280962048
08:22:43 22284009472
08:22:48 22287106048
08:22:53 22290817024
08:22:58 22294601728
08:23:03 22299734016
08:23:08 22301380608
08:23:13 22302302208
08:23:18 22302875648
08:23:23 22302957568
08:23:28 22303248384
08:23:33 22303514624
08:23:38 22303485952
08:23:43 22303784960
08:23:48 22303956992
08:23:53 22304247808
08:23:58 22304292864
08:24:03 22304481280
08:24:08 22305636352
08:24:13 22304833536
08:24:18 22305001472
08:24:23 22305386496
08:24:28 22305550336
08:24:33 22305648640
08:24:38 22305644544
08:24:43 22306041856
08:24:48 22306627584
08:24:53 22307659776
08:24:58 22308765696
08:25:03 22306578432
08:25:08 16335572992
08:25:13 16333869056
08:25:18 16333873152
08:25:23 16334188544
08:25:28 16545271808
08:25:33 17054511104
08:25:38 17110794240
08:25:43 21885685760
08:25:48 22241021952
08:25:53 22419238912
08:25:58 22425604096
08:26:03 22431657984
08:26:08 22434140160
08:26:13 22437584896
08:26:18 22444990464
08:26:23 22448427008
08:26:28 22450372608
08:26:33 22453964800
08:26:38 22456176640
08:26:43 22458355712
08:26:48 22462365696
08:26:53 22463897600
08:26:58 22464413696
08:27:03 22464860160
08:27:08 22465159168
08:27:13 22466908160
08:27:18 22465966080
08:27:23 22466043904
08:27:28 22466252800
08:27:33 22466560000
08:27:38 22466662400
08:27:43 22466764800
08:27:48 22466895872
08:27:53 22467108864
08:27:58 22467153920
08:28:03 22467383296
08:28:08 22467424256
08:28:13 22467403776
08:28:18 22468173824
08:28:23 22467612672
08:28:28 22467432448
08:28:33 22467383296
08:28:38 22118739968
